Determining if the pthread_create exist failed with the following output:
Change Dir: /home/crab/Documents/catkin_ws/build/CMakeFiles/CMakeTmp

Run Build Command:"/usr/bin/make" "cmTC_913ee/fast"
/usr/bin/make -f CMakeFiles/cmTC_913ee.dir/build.make CMakeFiles/cmTC_913ee.dir/build
make[1]: Entering directory '/home/crab/Documents/catkin_ws/build/CMakeFiles/CMakeTmp'
Building C object CMakeFiles/cmTC_913ee.dir/CheckSymbolExists.c.o
/usr/bin/cc    -o CMakeFiles/cmTC_913ee.dir/CheckSymbolExists.c.o   -c /home/crab/Documents/catkin_ws/build/CMakeFiles/CMakeTmp/CheckSymbolExists.c
Linking C executable cmTC_913ee
/usr/bin/cmake -E cmake_link_script CMakeFiles/cmTC_913ee.dir/link.txt --verbose=1
/usr/bin/cc      -rdynamic CMakeFiles/cmTC_913ee.dir/CheckSymbolExists.c.o  -o cmTC_913ee 
CMakeFiles/cmTC_913ee.dir/CheckSymbolExists.c.o: In function `main':
CheckSymbolExists.c:(.text+0x1b): undefined reference to `pthread_create'
collect2: error: ld returned 1 exit status
CMakeFiles/cmTC_913ee.dir/build.make:97: recipe for target 'cmTC_913ee' failed
make[1]: *** [cmTC_913ee] Error 1
make[1]: Leaving directory '/home/crab/Documents/catkin_ws/build/CMakeFiles/CMakeTmp'
Makefile:126: recipe for target 'cmTC_913ee/fast' failed
make: *** [cmTC_913ee/fast] Error 2

File /home/crab/Documents/catkin_ws/build/CMakeFiles/CMakeTmp/CheckSymbolExists.c:
/* */
#include <pthread.h>

int main(int argc, char** argv)
{
  (void)argv;
#ifndef pthread_create
  return ((int*)(&pthread_create))[argc];
#else
  (void)argc;
  return 0;
#endif
}

Determining if the function pthread_create exists in the pthreads failed with the following output:
Change Dir: /home/crab/Documents/catkin_ws/build/CMakeFiles/CMakeTmp

Run Build Command:"/usr/bin/make" "cmTC_670cd/fast"
/usr/bin/make -f CMakeFiles/cmTC_670cd.dir/build.make CMakeFiles/cmTC_670cd.dir/build
make[1]: Entering directory '/home/crab/Documents/catkin_ws/build/CMakeFiles/CMakeTmp'
Building C object CMakeFiles/cmTC_670cd.dir/CheckFunctionExists.c.o
/usr/bin/cc   -DCHECK_FUNCTION_EXISTS=pthread_create   -o CMakeFiles/cmTC_670cd.dir/CheckFunctionExists.c.o   -c /usr/share/cmake-3.10/Modules/CheckFunctionExists.c
Linking C executable cmTC_670cd
/usr/bin/cmake -E cmake_link_script CMakeFiles/cmTC_670cd.dir/link.txt --verbose=1
/usr/bin/cc  -DCHECK_FUNCTION_EXISTS=pthread_create    -rdynamic CMakeFiles/cmTC_670cd.dir/CheckFunctionExists.c.o  -o cmTC_670cd -lpthreads 
/usr/bin/ld: cannot find -lpthreads
collect2: error: ld returned 1 exit status
CMakeFiles/cmTC_670cd.dir/build.make:97: recipe for target 'cmTC_670cd' failed
make[1]: *** [cmTC_670cd] Error 1
make[1]: Leaving directory '/home/crab/Documents/catkin_ws/build/CMakeFiles/CMakeTmp'
Makefile:126: recipe for target 'cmTC_670cd/fast' failed
make: *** [cmTC_670cd/fast] Error 2


